C:\users\daniel\books\cppfinBACKUP\appendix
C:\users\daniel\books\cppfinBACKUP\chap4
C:\users\daniel\books\cppfinBACKUP\chapter3
C:\users\daniel\books\cppfinBACKUP\chapter6
C:\users\daniel\books\cppfinBACKUP\chapter9
C:\users\daniel\books\cppfinBACKUP\copyright.hpp
C:\users\daniel\books\cppfinBACKUP\datastructures
C:\users\daniel\books\cppfinBACKUP\drivers
C:\users\daniel\books\cppfinBACKUP\excelAddIn
C:\users\daniel\books\cppfinBACKUP\FunctionClasses
C:\users\daniel\books\cppfinBACKUP\genericStuff
C:\users\daniel\books\cppfinBACKUP\ivp
C:\users\daniel\books\cppfinBACKUP\lattices
C:\users\daniel\books\cppfinBACKUP\miscellaneous
C:\users\daniel\books\cppfinBACKUP\OptionClasses
C:\users\daniel\books\cppfinBACKUP\patterns
C:\users\daniel\books\cppfinBACKUP\pdeMirani
C:\users\daniel\books\cppfinBACKUP\portfolio
C:\users\daniel\books\cppfinBACKUP\PropertyPattern
C:\users\daniel\books\cppfinBACKUP\Read This Document First.doc
C:\users\daniel\books\cppfinBACKUP\statistics
C:\users\daniel\books\cppfinBACKUP\stl
C:\users\daniel\books\cppfinBACKUP\stochastics
C:\users\daniel\books\cppfinBACKUP\t.out
C:\users\daniel\books\cppfinBACKUP\tests
C:\users\daniel\books\cppfinBACKUP\VectorsAndMAtrices
C:\users\daniel\books\cppfinBACKUP\XMLBasicCode
C:\users\daniel\books\cppfinBACKUP\appendix\genState.hpp
C:\users\daniel\books\cppfinBACKUP\chap4\chap4set2.cpp
C:\users\daniel\books\cppfinBACKUP\chap4\testSet1.cpp
C:\users\daniel\books\cppfinBACKUP\chap4\tstintersectset.cpp
C:\users\daniel\books\cppfinBACKUP\chapter3\testRandomNumberGenerator.cpp
C:\users\daniel\books\cppfinBACKUP\chapter6\Tensor.cpp
C:\users\daniel\books\cppfinBACKUP\chapter6\Tensor.hpp
C:\users\daniel\books\cppfinBACKUP\chapter6\testTensor.cpp
C:\users\daniel\books\cppfinBACKUP\chapter6\testVectorCommands.cpp
C:\users\daniel\books\cppfinBACKUP\chapter6\testVectorCommandsII.cpp
C:\users\daniel\books\cppfinBACKUP\chapter9\ConvectionDiffusionEquation.cpp
C:\users\daniel\books\cppfinBACKUP\chapter9\detfunction.cpp
C:\users\daniel\books\cppfinBACKUP\chapter9\detfunction.hpp
C:\users\daniel\books\cppfinBACKUP\chapter9\function.cpp
C:\users\daniel\books\cppfinBACKUP\chapter9\function.hpp
C:\users\daniel\books\cppfinBACKUP\chapter9\functionmechanisms.cpp
C:\users\daniel\books\cppfinBACKUP\chapter9\functionmechanisms.hpp
C:\users\daniel\books\cppfinBACKUP\chapter9\SimpleHeatEquation.cpp
C:\users\daniel\books\cppfinBACKUP\chapter9\testFunctionObject.cpp
C:\users\daniel\books\cppfinBACKUP\chapter9\testFunctionPointer.cpp
C:\users\daniel\books\cppfinBACKUP\chapter9\testFunMech.cpp
C:\users\daniel\books\cppfinBACKUP\chapter9\testMatrixFunction.cpp
C:\users\daniel\books\cppfinBACKUP\chapter9\testMatrixFunctionII.cpp
C:\users\daniel\books\cppfinBACKUP\chapter9\test_2dfun.cpp
C:\users\daniel\books\cppfinBACKUP\chapter9\TriDiagonalMatrix.hpp
C:\users\daniel\books\cppfinBACKUP\datastructures\DatasimDate.cpp
C:\users\daniel\books\cppfinBACKUP\datastructures\DatasimDate.hpp
C:\users\daniel\books\cppfinBACKUP\datastructures\DatasimTimeStamp.cpp
C:\users\daniel\books\cppfinBACKUP\datastructures\DatasimTimeStamp.hpp
C:\users\daniel\books\cppfinBACKUP\datastructures\Date.cxx
C:\users\daniel\books\cppfinBACKUP\datastructures\Date.hxx
C:\users\daniel\books\cppfinBACKUP\datastructures\DateTime.cpp
C:\users\daniel\books\cppfinBACKUP\datastructures\DateTime.hpp
C:\users\daniel\books\cppfinBACKUP\datastructures\DateTimeMechanisms.cpp
C:\users\daniel\books\cppfinBACKUP\datastructures\DateTimeMechanisms.hpp
C:\users\daniel\books\cppfinBACKUP\datastructures\DTIME.CXX
C:\users\daniel\books\cppfinBACKUP\datastructures\DTIME.HXX
C:\users\daniel\books\cppfinBACKUP\datastructures\FutureThing.hpp
C:\users\daniel\books\cppfinBACKUP\datastructures\temporaltype.hpp
C:\users\daniel\books\cppfinBACKUP\datastructures\tstCashFlow.cpp
C:\users\daniel\books\cppfinBACKUP\datastructures\tstdate1.cpp
C:\users\daniel\books\cppfinBACKUP\datastructures\tstdate2.cpp
C:\users\daniel\books\cppfinBACKUP\datastructures\tstdate3.cpp
C:\users\daniel\books\cppfinBACKUP\drivers\excel
C:\users\daniel\books\cppfinBACKUP\drivers\ExcelDriverXP2002.cpp
C:\users\daniel\books\cppfinBACKUP\drivers\exceljuly2003
C:\users\daniel\books\cppfinBACKUP\drivers\excel\ExcelDriver
C:\users\daniel\books\cppfinBACKUP\drivers\excel\ExcelDriver\arraymechanisms.hpp
C:\users\daniel\books\cppfinBACKUP\drivers\excel\ExcelDriver\BandArray.hpp
C:\users\daniel\books\cppfinBACKUP\drivers\excel\ExcelDriver\BandlArray.cpp
C:\users\daniel\books\cppfinBACKUP\drivers\excel\ExcelDriver\BandMatrix.cpp
C:\users\daniel\books\cppfinBACKUP\drivers\excel\ExcelDriver\BandMatrix.hpp
C:\users\daniel\books\cppfinBACKUP\drivers\excel\ExcelDriver\CooneyExcel.cpp
C:\users\daniel\books\cppfinBACKUP\drivers\excel\ExcelDriver\CooneyExcel.hpp
C:\users\daniel\books\cppfinBACKUP\drivers\excel\ExcelDriver\ExcelDriver.cpp
C:\users\daniel\books\cppfinBACKUP\drivers\excel\ExcelDriver\ExcelDriver.hpp
C:\users\daniel\books\cppfinBACKUP\drivers\excel\ExcelDriver\ExcelDriverGlobals.cpp
C:\users\daniel\books\cppfinBACKUP\drivers\excel\ExcelDriver\ExcelSolutionFormatter.cpp
C:\users\daniel\books\cppfinBACKUP\drivers\excel\ExcelDriver\ExcelSolutionFormatter.h
C:\users\daniel\books\cppfinBACKUP\drivers\excel\ExcelDriver\Imports.cpp
C:\users\daniel\books\cppfinBACKUP\drivers\excel\ExcelDriver\Imports.hpp
C:\users\daniel\books\cppfinBACKUP\drivers\excel\ExcelDriver\matrixsolver.hpp
C:\users\daniel\books\cppfinBACKUP\drivers\excel\ExcelDriver\parameters.hpp
C:\users\daniel\books\cppfinBACKUP\drivers\excel\ExcelDriver\SolutionFormatter.h
C:\users\daniel\books\cppfinBACKUP\drivers\excel\ExcelDriver\spreadsheet.hpp
C:\users\daniel\books\cppfinBACKUP\drivers\excel\ExcelDriver\testExcelDriver.cpp
C:\users\daniel\books\cppfinBACKUP\drivers\exceljuly2003\ExcelDriver.hpp
C:\users\daniel\books\cppfinBACKUP\drivers\exceljuly2003\MiniDOC
C:\users\daniel\books\cppfinBACKUP\drivers\exceljuly2003\MiniDOC\BasicExcelPresentation.cpp
C:\users\daniel\books\cppfinBACKUP\drivers\exceljuly2003\MiniDOC\Conversion.cpp
C:\users\daniel\books\cppfinBACKUP\drivers\exceljuly2003\MiniDOC\DDConversion.cpp
C:\users\daniel\books\cppfinBACKUP\drivers\exceljuly2003\MiniDOC\DDMain.cpp
C:\users\daniel\books\cppfinBACKUP\drivers\exceljuly2003\MiniDOC\DDPresentation.cpp
C:\users\daniel\books\cppfinBACKUP\drivers\exceljuly2003\MiniDOC\DDRegistration.cpp
C:\users\daniel\books\cppfinBACKUP\drivers\exceljuly2003\MiniDOC\ExcelDriver.cpp
C:\users\daniel\books\cppfinBACKUP\drivers\exceljuly2003\MiniDOC\ExcelDriver.hpp
C:\users\daniel\books\cppfinBACKUP\drivers\exceljuly2003\MiniDOC\Main.cpp
C:\users\daniel\books\cppfinBACKUP\drivers\exceljuly2003\MiniDOC\Minitstscalarivp.cpp
C:\users\daniel\books\cppfinBACKUP\drivers\exceljuly2003\MiniDOC\Presentation.cpp
C:\users\daniel\books\cppfinBACKUP\drivers\exceljuly2003\MiniDOC\Registration.cpp
C:\users\daniel\books\cppfinBACKUP\drivers\exceljuly2003\MiniDOC\RegistrationExcel.cpp
C:\users\daniel\books\cppfinBACKUP\drivers\exceljuly2003\MiniDOC\tstscalarivp.cpp
C:\users\daniel\books\cppfinBACKUP\excelAddIn\Excel Add-ins
C:\users\daniel\books\cppfinBACKUP\excelAddIn\Excel Add-ins\MyAtlExcelAddin
C:\users\daniel\books\cppfinBACKUP\excelAddIn\Excel Add-ins\MyAtlExcelAddin\COMUtils.cpp
C:\users\daniel\books\cppfinBACKUP\excelAddIn\Excel Add-ins\MyAtlExcelAddin\COMUtils.hpp
C:\users\daniel\books\cppfinBACKUP\excelAddIn\Excel Add-ins\MyAtlExcelAddin\dlldata.c
C:\users\daniel\books\cppfinBACKUP\excelAddIn\Excel Add-ins\MyAtlExcelAddin\ExcelImports.h
C:\users\daniel\books\cppfinBACKUP\excelAddIn\Excel Add-ins\MyAtlExcelAddin\Functions
C:\users\daniel\books\cppfinBACKUP\excelAddIn\Excel Add-ins\MyAtlExcelAddin\MyAtlExcelAddin.cpp
C:\users\daniel\books\cppfinBACKUP\excelAddIn\Excel Add-ins\MyAtlExcelAddin\MyAtlExcelAddin.h
C:\users\daniel\books\cppfinBACKUP\excelAddIn\Excel Add-ins\MyAtlExcelAddin\MyAtlExcelAddin_i.c
C:\users\daniel\books\cppfinBACKUP\excelAddIn\Excel Add-ins\MyAtlExcelAddin\MyAtlExcelAddin_p.c
C:\users\daniel\books\cppfinBACKUP\excelAddIn\Excel Add-ins\MyAtlExcelAddin\MyExcelFunctions.cpp
C:\users\daniel\books\cppfinBACKUP\excelAddIn\Excel Add-ins\MyAtlExcelAddin\MyExcelFunctions.h
C:\users\daniel\books\cppfinBACKUP\excelAddIn\Excel Add-ins\MyAtlExcelAddin\resource.h
C:\users\daniel\books\cppfinBACKUP\excelAddIn\Excel Add-ins\MyAtlExcelAddin\stdafx.cpp
C:\users\daniel\books\cppfinBACKUP\excelAddIn\Excel Add-ins\MyAtlExcelAddin\stdafx.h
C:\users\daniel\books\cppfinBACKUP\excelAddIn\Excel Add-ins\MyAtlExcelAddin\Functions\Array.cpp
C:\users\daniel\books\cppfinBACKUP\excelAddIn\Excel Add-ins\MyAtlExcelAddin\Functions\Array.hpp
C:\users\daniel\books\cppfinBACKUP\excelAddIn\Excel Add-ins\MyAtlExcelAddin\Functions\arraymechanisms.cpp
C:\users\daniel\books\cppfinBACKUP\excelAddIn\Excel Add-ins\MyAtlExcelAddin\Functions\arraymechanisms.hpp
C:\users\daniel\books\cppfinBACKUP\excelAddIn\Excel Add-ins\MyAtlExcelAddin\Functions\ArrayStructure.cpp
C:\users\daniel\books\cppfinBACKUP\excelAddIn\Excel Add-ins\MyAtlExcelAddin\Functions\ArrayStructure.hpp
C:\users\daniel\books\cppfinBACKUP\excelAddIn\Excel Add-ins\MyAtlExcelAddin\Functions\FullArray.cpp
C:\users\daniel\books\cppfinBACKUP\excelAddIn\Excel Add-ins\MyAtlExcelAddin\Functions\FullArray.hpp
C:\users\daniel\books\cppfinBACKUP\excelAddIn\Excel Add-ins\MyAtlExcelAddin\Functions\FullMatrix.cpp
C:\users\daniel\books\cppfinBACKUP\excelAddIn\Excel Add-ins\MyAtlExcelAddin\Functions\FullMatrix.hpp
C:\users\daniel\books\cppfinBACKUP\excelAddIn\Excel Add-ins\MyAtlExcelAddin\Functions\Matrix.cpp
C:\users\daniel\books\cppfinBACKUP\excelAddIn\Excel Add-ins\MyAtlExcelAddin\Functions\Matrix.hpp
C:\users\daniel\books\cppfinBACKUP\excelAddIn\Excel Add-ins\MyAtlExcelAddin\Functions\matrixsolver.cpp
C:\users\daniel\books\cppfinBACKUP\excelAddIn\Excel Add-ins\MyAtlExcelAddin\Functions\matrixsolver.hpp
C:\users\daniel\books\cppfinBACKUP\excelAddIn\Excel Add-ins\MyAtlExcelAddin\Functions\MatrixStructure.cpp
C:\users\daniel\books\cppfinBACKUP\excelAddIn\Excel Add-ins\MyAtlExcelAddin\Functions\MatrixStructure.hpp
C:\users\daniel\books\cppfinBACKUP\excelAddIn\Excel Add-ins\MyAtlExcelAddin\Functions\NumericMatrix.cpp
C:\users\daniel\books\cppfinBACKUP\excelAddIn\Excel Add-ins\MyAtlExcelAddin\Functions\NumericMatrix.hpp
C:\users\daniel\books\cppfinBACKUP\excelAddIn\Excel Add-ins\MyAtlExcelAddin\Functions\Vector.cpp
C:\users\daniel\books\cppfinBACKUP\excelAddIn\Excel Add-ins\MyAtlExcelAddin\Functions\Vector.hpp
C:\users\daniel\books\cppfinBACKUP\FunctionClasses\detfunction.cpp
C:\users\daniel\books\cppfinBACKUP\FunctionClasses\detfunction.hpp
C:\users\daniel\books\cppfinBACKUP\FunctionClasses\function.cpp
C:\users\daniel\books\cppfinBACKUP\FunctionClasses\function.hpp
C:\users\daniel\books\cppfinBACKUP\FunctionClasses\FunctionSet.cpp
C:\users\daniel\books\cppfinBACKUP\FunctionClasses\FunctionSet.hpp
C:\users\daniel\books\cppfinBACKUP\FunctionClasses\functionvisitor.hpp
C:\users\daniel\books\cppfinBACKUP\genericStuff\bkgenericVisitor.hpp
C:\users\daniel\books\cppfinBACKUP\genericStuff\genericVisitor.hpp
C:\users\daniel\books\cppfinBACKUP\genericStuff\testVisitor.cpp
C:\users\daniel\books\cppfinBACKUP\ivp\ivp.cpp
C:\users\daniel\books\cppfinBACKUP\ivp\ivp.hpp
C:\users\daniel\books\cppfinBACKUP\ivp\ivpSolver.cpp
C:\users\daniel\books\cppfinBACKUP\ivp\ivpSolver.hpp
C:\users\daniel\books\cppfinBACKUP\lattices\BinomialMethod.hpp
C:\users\daniel\books\cppfinBACKUP\lattices\BinomialParameters.hpp
C:\users\daniel\books\cppfinBACKUP\lattices\lattice.cpp
C:\users\daniel\books\cppfinBACKUP\lattices\lattice.hpp
C:\users\daniel\books\cppfinBACKUP\lattices\LatticeMechanisms.cpp
C:\users\daniel\books\cppfinBACKUP\lattices\LatticeMechanisms.hpp
C:\users\daniel\books\cppfinBACKUP\lattices\OptionParameter.hpp
C:\users\daniel\books\cppfinBACKUP\lattices\OptionParameters.hpp
C:\users\daniel\books\cppfinBACKUP\lattices\TestBinomialMethod.cpp
C:\users\daniel\books\cppfinBACKUP\lattices\testlattice.cpp
C:\users\daniel\books\cppfinBACKUP\miscellaneous\pair.hpp
C:\users\daniel\books\cppfinBACKUP\miscellaneous\range.cpp
C:\users\daniel\books\cppfinBACKUP\miscellaneous\range.hpp
C:\users\daniel\books\cppfinBACKUP\OptionClasses\EOptionExact.cpp
C:\users\daniel\books\cppfinBACKUP\OptionClasses\EOptionExact.hpp
C:\users\daniel\books\cppfinBACKUP\OptionClasses\EuropeanObject.hpp
C:\users\daniel\books\cppfinBACKUP\OptionClasses\EuropeanOption.cpp
C:\users\daniel\books\cppfinBACKUP\OptionClasses\EuropeanOption.hpp
C:\users\daniel\books\cppfinBACKUP\OptionClasses\EuropeanOption2.cpp
C:\users\daniel\books\cppfinBACKUP\OptionClasses\EuropeanOption2.hpp
C:\users\daniel\books\cppfinBACKUP\OptionClasses\ExecutiveOption.cpp
C:\users\daniel\books\cppfinBACKUP\OptionClasses\ExecutiveOption.hpp
C:\users\daniel\books\cppfinBACKUP\OptionClasses\NewEuropeanOption.cpp
C:\users\daniel\books\cppfinBACKUP\patterns\Assetobserver
C:\users\daniel\books\cppfinBACKUP\patterns\bridgeExample
C:\users\daniel\books\cppfinBACKUP\patterns\Decorator.cpp
C:\users\daniel\books\cppfinBACKUP\patterns\Decorator.hpp
C:\users\daniel\books\cppfinBACKUP\patterns\examples
C:\users\daniel\books\cppfinBACKUP\patterns\Observable.cpp
C:\users\daniel\books\cppfinBACKUP\patterns\Observable.hpp
C:\users\daniel\books\cppfinBACKUP\patterns\Observer.cpp
C:\users\daniel\books\cppfinBACKUP\patterns\Observer.hpp
C:\users\daniel\books\cppfinBACKUP\patterns\shape
C:\users\daniel\books\cppfinBACKUP\patterns\Subject.cpp
C:\users\daniel\books\cppfinBACKUP\patterns\Subject.hpp
C:\users\daniel\books\cppfinBACKUP\patterns\Assetobserver\Asset.hpp
C:\users\daniel\books\cppfinBACKUP\patterns\Assetobserver\Counter.cpp
C:\users\daniel\books\cppfinBACKUP\patterns\Assetobserver\Counter.hpp
C:\users\daniel\books\cppfinBACKUP\patterns\Assetobserver\CounterObserver.cpp
C:\users\daniel\books\cppfinBACKUP\patterns\Assetobserver\CounterObserver.hpp
C:\users\daniel\books\cppfinBACKUP\patterns\Assetobserver\Observable.cpp
C:\users\daniel\books\cppfinBACKUP\patterns\Assetobserver\Observable.hpp
C:\users\daniel\books\cppfinBACKUP\patterns\Assetobserver\Observer.cpp
C:\users\daniel\books\cppfinBACKUP\patterns\Assetobserver\Observer.hpp
C:\users\daniel\books\cppfinBACKUP\patterns\Assetobserver\Option.cpp
C:\users\daniel\books\cppfinBACKUP\patterns\Assetobserver\Option.hpp
C:\users\daniel\books\cppfinBACKUP\patterns\Assetobserver\TstAssetObserver.cpp
C:\users\daniel\books\cppfinBACKUP\patterns\Assetobserver\TstObserver.cpp
C:\users\daniel\books\cppfinBACKUP\patterns\Assetobserver\TstObserver.hpp
C:\users\daniel\books\cppfinBACKUP\patterns\bridgeExample\graphicsRepository.cpp
C:\users\daniel\books\cppfinBACKUP\patterns\bridgeExample\graphicsRepository.hpp
C:\users\daniel\books\cppfinBACKUP\patterns\bridgeExample\integratorimp.cpp
C:\users\daniel\books\cppfinBACKUP\patterns\bridgeExample\integratorimp.hpp
C:\users\daniel\books\cppfinBACKUP\patterns\bridgeExample\numintegrator.cpp
C:\users\daniel\books\cppfinBACKUP\patterns\bridgeExample\numIntegrator.hpp
C:\users\daniel\books\cppfinBACKUP\patterns\bridgeExample\Tanh.cxx
C:\users\daniel\books\cppfinBACKUP\patterns\bridgeExample\tanh.hxx
C:\users\daniel\books\cppfinBACKUP\patterns\bridgeExample\testIntegrator.cpp
C:\users\daniel\books\cppfinBACKUP\patterns\bridgeExample\TESTTanh.cxx
C:\users\daniel\books\cppfinBACKUP\patterns\examples\backup
C:\users\daniel\books\cppfinBACKUP\patterns\examples\BasicExcelPresentation.cpp
C:\users\daniel\books\cppfinBACKUP\patterns\examples\BasicExcelPresentation.hpp
C:\users\daniel\books\cppfinBACKUP\patterns\examples\BKBasicExcelPresentation.cpp
C:\users\daniel\books\cppfinBACKUP\patterns\examples\declarations.hpp
C:\users\daniel\books\cppfinBACKUP\patterns\examples\fm.cpp
C:\users\daniel\books\cppfinBACKUP\patterns\examples\graphicsRepository.cpp
C:\users\daniel\books\cppfinBACKUP\patterns\examples\graphicsRepository.hpp
C:\users\daniel\books\cppfinBACKUP\patterns\examples\graphicsRepositoryMedium.cpp
C:\users\daniel\books\cppfinBACKUP\patterns\examples\graphicsRepositoryMedium.hpp
C:\users\daniel\books\cppfinBACKUP\patterns\examples\graphicsRepositoryVisitor.cpp
C:\users\daniel\books\cppfinBACKUP\patterns\examples\graphicsRepositoryVisitor.hpp
C:\users\daniel\books\cppfinBACKUP\patterns\examples\testbintree.cpp
C:\users\daniel\books\cppfinBACKUP\patterns\examples\testGraphicsRepository.cpp
C:\users\daniel\books\cppfinBACKUP\patterns\examples\backup\BasicExcelPresentation.cpp
C:\users\daniel\books\cppfinBACKUP\patterns\examples\backup\BasicExcelPresentation.hpp
C:\users\daniel\books\cppfinBACKUP\patterns\examples\backup\BKBasicExcelPresentation.cpp
C:\users\daniel\books\cppfinBACKUP\patterns\examples\backup\declarations.hpp
C:\users\daniel\books\cppfinBACKUP\patterns\examples\backup\graphicsRepository.cpp
C:\users\daniel\books\cppfinBACKUP\patterns\examples\backup\graphicsRepository.hpp
C:\users\daniel\books\cppfinBACKUP\patterns\examples\backup\graphicsRepositoryMedium.cpp
C:\users\daniel\books\cppfinBACKUP\patterns\examples\backup\graphicsRepositoryMedium.hpp
C:\users\daniel\books\cppfinBACKUP\patterns\examples\backup\graphicsRepositoryVisitor.cpp
C:\users\daniel\books\cppfinBACKUP\patterns\examples\backup\graphicsRepositoryVisitor.hpp
C:\users\daniel\books\cppfinBACKUP\patterns\examples\backup\testbintree.cpp
C:\users\daniel\books\cppfinBACKUP\patterns\examples\backup\testGraphicsRepository.cpp
C:\users\daniel\books\cppfinBACKUP\patterns\shape\Solution
C:\users\daniel\books\cppfinBACKUP\patterns\shape\Solution\01_Fundamentals
C:\users\daniel\books\cppfinBACKUP\patterns\shape\Solution\02_Singleton
C:\users\daniel\books\cppfinBACKUP\patterns\shape\Solution\03_Composite
C:\users\daniel\books\cppfinBACKUP\patterns\shape\Solution\04_Prototype
C:\users\daniel\books\cppfinBACKUP\patterns\shape\Solution\06_Strategy
C:\users\daniel\books\cppfinBACKUP\patterns\shape\Solution\08_AbstractFactory
C:\users\daniel\books\cppfinBACKUP\patterns\shape\Solution\09_Decorator
C:\users\daniel\books\cppfinBACKUP\patterns\shape\Solution\10_State
C:\users\daniel\books\cppfinBACKUP\patterns\shape\Solution\11_Visitor
C:\users\daniel\books\cppfinBACKUP\patterns\shape\Solution\12_Observer
C:\users\daniel\books\cppfinBACKUP\patterns\shape\Solution\13_Proxy
C:\users\daniel\books\cppfinBACKUP\patterns\shape\Solution\Option.cpp
C:\users\daniel\books\cppfinBACKUP\patterns\shape\Solution\01_Fundamentals\Angle.hpp
C:\users\daniel\books\cppfinBACKUP\patterns\shape\Solution\01_Fundamentals\Circle.cpp
C:\users\daniel\books\cppfinBACKUP\patterns\shape\Solution\01_Fundamentals\Circle.hpp
C:\users\daniel\books\cppfinBACKUP\patterns\shape\Solution\01_Fundamentals\Common.hpp
C:\users\daniel\books\cppfinBACKUP\patterns\shape\Solution\01_Fundamentals\Line.cpp
C:\users\daniel\books\cppfinBACKUP\patterns\shape\Solution\01_Fundamentals\Line.hpp
C:\users\daniel\books\cppfinBACKUP\patterns\shape\Solution\01_Fundamentals\Main.cpp
C:\users\daniel\books\cppfinBACKUP\patterns\shape\Solution\01_Fundamentals\Point.cpp
C:\users\daniel\books\cppfinBACKUP\patterns\shape\Solution\01_Fundamentals\Point.hpp
C:\users\daniel\books\cppfinBACKUP\patterns\shape\Solution\01_Fundamentals\Shape.cpp
C:\users\daniel\books\cppfinBACKUP\patterns\shape\Solution\01_Fundamentals\Shape.hpp
C:\users\daniel\books\cppfinBACKUP\patterns\shape\Solution\02_Singleton\Angle.hpp
C:\users\daniel\books\cppfinBACKUP\patterns\shape\Solution\02_Singleton\Circle.cpp
C:\users\daniel\books\cppfinBACKUP\patterns\shape\Solution\02_Singleton\Circle.hpp
C:\users\daniel\books\cppfinBACKUP\patterns\shape\Solution\02_Singleton\Common.hpp
C:\users\daniel\books\cppfinBACKUP\patterns\shape\Solution\02_Singleton\Line.cpp
C:\users\daniel\books\cppfinBACKUP\patterns\shape\Solution\02_Singleton\Line.hpp
C:\users\daniel\books\cppfinBACKUP\patterns\shape\Solution\02_Singleton\Main.cpp
C:\users\daniel\books\cppfinBACKUP\patterns\shape\Solution\02_Singleton\OriginPoint.cpp
C:\users\daniel\books\cppfinBACKUP\patterns\shape\Solution\02_Singleton\OriginPoint.hpp
C:\users\daniel\books\cppfinBACKUP\patterns\shape\Solution\02_Singleton\Point.cpp
C:\users\daniel\books\cppfinBACKUP\patterns\shape\Solution\02_Singleton\Point.hpp
C:\users\daniel\books\cppfinBACKUP\patterns\shape\Solution\02_Singleton\Shape.cpp
C:\users\daniel\books\cppfinBACKUP\patterns\shape\Solution\02_Singleton\Shape.hpp
C:\users\daniel\books\cppfinBACKUP\patterns\shape\Solution\02_Singleton\Singleton.cpp
C:\users\daniel\books\cppfinBACKUP\patterns\shape\Solution\02_Singleton\Singleton.hpp
C:\users\daniel\books\cppfinBACKUP\patterns\shape\Solution\02_Singleton\testSingleton.cpp
C:\users\daniel\books\cppfinBACKUP\patterns\shape\Solution\03_Composite\Angle.hpp
C:\users\daniel\books\cppfinBACKUP\patterns\shape\Solution\03_Composite\Circle.cpp
C:\users\daniel\books\cppfinBACKUP\patterns\shape\Solution\03_Composite\Circle.hpp
C:\users\daniel\books\cppfinBACKUP\patterns\shape\Solution\03_Composite\Common.hpp
C:\users\daniel\books\cppfinBACKUP\patterns\shape\Solution\03_Composite\Line.cpp
C:\users\daniel\books\cppfinBACKUP\patterns\shape\Solution\03_Composite\Line.hpp
C:\users\daniel\books\cppfinBACKUP\patterns\shape\Solution\03_Composite\Main.cpp
C:\users\daniel\books\cppfinBACKUP\patterns\shape\Solution\03_Composite\OriginPoint.cpp
C:\users\daniel\books\cppfinBACKUP\patterns\shape\Solution\03_Composite\OriginPoint.hpp
C:\users\daniel\books\cppfinBACKUP\patterns\shape\Solution\03_Composite\Point.cpp
C:\users\daniel\books\cppfinBACKUP\patterns\shape\Solution\03_Composite\Point.hpp
C:\users\daniel\books\cppfinBACKUP\patterns\shape\Solution\03_Composite\Shape.cpp
C:\users\daniel\books\cppfinBACKUP\patterns\shape\Solution\03_Composite\Shape.hpp
C:\users\daniel\books\cppfinBACKUP\patterns\shape\Solution\03_Composite\ShapeComposite.cpp
C:\users\daniel\books\cppfinBACKUP\patterns\shape\Solution\03_Composite\ShapeComposite.hpp
C:\users\daniel\books\cppfinBACKUP\patterns\shape\Solution\03_Composite\Singleton.cpp
C:\users\daniel\books\cppfinBACKUP\patterns\shape\Solution\03_Composite\Singleton.hpp
C:\users\daniel\books\cppfinBACKUP\patterns\shape\Solution\03_Composite\xx.cpp
C:\users\daniel\books\cppfinBACKUP\patterns\shape\Solution\03_Composite\yy.cpp
C:\users\daniel\books\cppfinBACKUP\patterns\shape\Solution\04_Prototype\Angle.hpp
C:\users\daniel\books\cppfinBACKUP\patterns\shape\Solution\04_Prototype\Circle.cpp
C:\users\daniel\books\cppfinBACKUP\patterns\shape\Solution\04_Prototype\Circle.hpp
C:\users\daniel\books\cppfinBACKUP\patterns\shape\Solution\04_Prototype\Common.hpp
C:\users\daniel\books\cppfinBACKUP\patterns\shape\Solution\04_Prototype\Line.cpp
C:\users\daniel\books\cppfinBACKUP\patterns\shape\Solution\04_Prototype\Line.hpp
C:\users\daniel\books\cppfinBACKUP\patterns\shape\Solution\04_Prototype\Main.cpp
C:\users\daniel\books\cppfinBACKUP\patterns\shape\Solution\04_Prototype\OriginPoint.cpp
C:\users\daniel\books\cppfinBACKUP\patterns\shape\Solution\04_Prototype\OriginPoint.hpp
C:\users\daniel\books\cppfinBACKUP\patterns\shape\Solution\04_Prototype\Point.cpp
C:\users\daniel\books\cppfinBACKUP\patterns\shape\Solution\04_Prototype\Point.hpp
C:\users\daniel\books\cppfinBACKUP\patterns\shape\Solution\04_Prototype\Shape.cpp
C:\users\daniel\books\cppfinBACKUP\patterns\shape\Solution\04_Prototype\Shape.hpp
C:\users\daniel\books\cppfinBACKUP\patterns\shape\Solution\04_Prototype\ShapeComposite.cpp
C:\users\daniel\books\cppfinBACKUP\patterns\shape\Solution\04_Prototype\ShapeComposite.hpp
C:\users\daniel\books\cppfinBACKUP\patterns\shape\Solution\04_Prototype\Singleton.cpp
C:\users\daniel\books\cppfinBACKUP\patterns\shape\Solution\04_Prototype\Singleton.hpp
C:\users\daniel\books\cppfinBACKUP\patterns\shape\Solution\06_Strategy\Angle.hpp
C:\users\daniel\books\cppfinBACKUP\patterns\shape\Solution\06_Strategy\ApproxDistance.cpp
C:\users\daniel\books\cppfinBACKUP\patterns\shape\Solution\06_Strategy\ApproxDistance.hpp
C:\users\daniel\books\cppfinBACKUP\patterns\shape\Solution\06_Strategy\Circle.cpp
C:\users\daniel\books\cppfinBACKUP\patterns\shape\Solution\06_Strategy\Circle.hpp
C:\users\daniel\books\cppfinBACKUP\patterns\shape\Solution\06_Strategy\Common.hpp
C:\users\daniel\books\cppfinBACKUP\patterns\shape\Solution\06_Strategy\DistanceStrategy.cpp
C:\users\daniel\books\cppfinBACKUP\patterns\shape\Solution\06_Strategy\DistanceStrategy.hpp
C:\users\daniel\books\cppfinBACKUP\patterns\shape\Solution\06_Strategy\ExactDistance.cpp
C:\users\daniel\books\cppfinBACKUP\patterns\shape\Solution\06_Strategy\ExactDistance.hpp
C:\users\daniel\books\cppfinBACKUP\patterns\shape\Solution\06_Strategy\FirstSingletonExample
C:\users\daniel\books\cppfinBACKUP\patterns\shape\Solution\06_Strategy\Line.cpp
C:\users\daniel\books\cppfinBACKUP\patterns\shape\Solution\06_Strategy\Line.hpp
C:\users\daniel\books\cppfinBACKUP\patterns\shape\Solution\06_Strategy\Main.cpp
C:\users\daniel\books\cppfinBACKUP\patterns\shape\Solution\06_Strategy\OriginPoint.cpp
C:\users\daniel\books\cppfinBACKUP\patterns\shape\Solution\06_Strategy\OriginPoint.hpp
C:\users\daniel\books\cppfinBACKUP\patterns\shape\Solution\06_Strategy\Point.cpp
C:\users\daniel\books\cppfinBACKUP\patterns\shape\Solution\06_Strategy\Point.hpp
C:\users\daniel\books\cppfinBACKUP\patterns\shape\Solution\06_Strategy\Shape.cpp
C:\users\daniel\books\cppfinBACKUP\patterns\shape\Solution\06_Strategy\Shape.hpp
C:\users\daniel\books\cppfinBACKUP\patterns\shape\Solution\06_Strategy\ShapeComposite.cpp
C:\users\daniel\books\cppfinBACKUP\patterns\shape\Solution\06_Strategy\ShapeComposite.hpp
C:\users\daniel\books\cppfinBACKUP\patterns\shape\Solution\06_Strategy\Singleton.cpp
C:\users\daniel\books\cppfinBACKUP\patterns\shape\Solution\06_Strategy\Singleton.hpp
C:\users\daniel\books\cppfinBACKUP\patterns\shape\Solution\06_Strategy\FirstSingletonExample\ApproxDistance.cpp
C:\users\daniel\books\cppfinBACKUP\patterns\shape\Solution\06_Strategy\FirstSingletonExample\ApproxDistance.hpp
C:\users\daniel\books\cppfinBACKUP\patterns\shape\Solution\06_Strategy\FirstSingletonExample\DistanceStrategy.cpp
C:\users\daniel\books\cppfinBACKUP\patterns\shape\Solution\06_Strategy\FirstSingletonExample\DistanceStrategy.hpp
C:\users\daniel\books\cppfinBACKUP\patterns\shape\Solution\06_Strategy\FirstSingletonExample\ExactDistance.cpp
C:\users\daniel\books\cppfinBACKUP\patterns\shape\Solution\06_Strategy\FirstSingletonExample\ExactDistance.hpp
C:\users\daniel\books\cppfinBACKUP\patterns\shape\Solution\08_AbstractFactory\Angle.hpp
C:\users\daniel\books\cppfinBACKUP\patterns\shape\Solution\08_AbstractFactory\ApproxDistance.cpp
C:\users\daniel\books\cppfinBACKUP\patterns\shape\Solution\08_AbstractFactory\ApproxDistance.hpp
C:\users\daniel\books\cppfinBACKUP\patterns\shape\Solution\08_AbstractFactory\Circle.cpp
C:\users\daniel\books\cppfinBACKUP\patterns\shape\Solution\08_AbstractFactory\Circle.hpp
C:\users\daniel\books\cppfinBACKUP\patterns\shape\Solution\08_AbstractFactory\Common.hpp
C:\users\daniel\books\cppfinBACKUP\patterns\shape\Solution\08_AbstractFactory\ConsoleFactory.cpp
C:\users\daniel\books\cppfinBACKUP\patterns\shape\Solution\08_AbstractFactory\ConsoleFactory.hpp
C:\users\daniel\books\cppfinBACKUP\patterns\shape\Solution\08_AbstractFactory\DistanceStrategy.cpp
C:\users\daniel\books\cppfinBACKUP\patterns\shape\Solution\08_AbstractFactory\DistanceStrategy.hpp
C:\users\daniel\books\cppfinBACKUP\patterns\shape\Solution\08_AbstractFactory\ExactDistance.cpp
C:\users\daniel\books\cppfinBACKUP\patterns\shape\Solution\08_AbstractFactory\ExactDistance.hpp
C:\users\daniel\books\cppfinBACKUP\patterns\shape\Solution\08_AbstractFactory\Line.cpp
C:\users\daniel\books\cppfinBACKUP\patterns\shape\Solution\08_AbstractFactory\Line.hpp
C:\users\daniel\books\cppfinBACKUP\patterns\shape\Solution\08_AbstractFactory\Main.cpp
C:\users\daniel\books\cppfinBACKUP\patterns\shape\Solution\08_AbstractFactory\OriginPoint.cpp
C:\users\daniel\books\cppfinBACKUP\patterns\shape\Solution\08_AbstractFactory\OriginPoint.hpp
C:\users\daniel\books\cppfinBACKUP\patterns\shape\Solution\08_AbstractFactory\Point.cpp
C:\users\daniel\books\cppfinBACKUP\patterns\shape\Solution\08_AbstractFactory\Point.hpp
C:\users\daniel\books\cppfinBACKUP\patterns\shape\Solution\08_AbstractFactory\Shape.cpp
C:\users\daniel\books\cppfinBACKUP\patterns\shape\Solution\08_AbstractFactory\Shape.hpp
C:\users\daniel\books\cppfinBACKUP\patterns\shape\Solution\08_AbstractFactory\ShapeComposite.cpp
C:\users\daniel\books\cppfinBACKUP\patterns\shape\Solution\08_AbstractFactory\ShapeComposite.hpp
C:\users\daniel\books\cppfinBACKUP\patterns\shape\Solution\08_AbstractFactory\ShapeFactory.cpp
C:\users\daniel\books\cppfinBACKUP\patterns\shape\Solution\08_AbstractFactory\ShapeFactory.hpp
C:\users\daniel\books\cppfinBACKUP\patterns\shape\Solution\08_AbstractFactory\Singleton.cpp
C:\users\daniel\books\cppfinBACKUP\patterns\shape\Solution\08_AbstractFactory\Singleton.hpp
C:\users\daniel\books\cppfinBACKUP\patterns\shape\Solution\09_Decorator\Angle.hpp
C:\users\daniel\books\cppfinBACKUP\patterns\shape\Solution\09_Decorator\ApproxDistance.cpp
C:\users\daniel\books\cppfinBACKUP\patterns\shape\Solution\09_Decorator\ApproxDistance.hpp
C:\users\daniel\books\cppfinBACKUP\patterns\shape\Solution\09_Decorator\Circle.cpp
C:\users\daniel\books\cppfinBACKUP\patterns\shape\Solution\09_Decorator\Circle.hpp
C:\users\daniel\books\cppfinBACKUP\patterns\shape\Solution\09_Decorator\Common.hpp
C:\users\daniel\books\cppfinBACKUP\patterns\shape\Solution\09_Decorator\DistanceStrategy.cpp
C:\users\daniel\books\cppfinBACKUP\patterns\shape\Solution\09_Decorator\DistanceStrategy.hpp
C:\users\daniel\books\cppfinBACKUP\patterns\shape\Solution\09_Decorator\ExactDistance.cpp
C:\users\daniel\books\cppfinBACKUP\patterns\shape\Solution\09_Decorator\ExactDistance.hpp
C:\users\daniel\books\cppfinBACKUP\patterns\shape\Solution\09_Decorator\Line.cpp
C:\users\daniel\books\cppfinBACKUP\patterns\shape\Solution\09_Decorator\Line.hpp
C:\users\daniel\books\cppfinBACKUP\patterns\shape\Solution\09_Decorator\Main.cpp
C:\users\daniel\books\cppfinBACKUP\patterns\shape\Solution\09_Decorator\NameDecorator.cpp
C:\users\daniel\books\cppfinBACKUP\patterns\shape\Solution\09_Decorator\NameDecorator.hpp
C:\users\daniel\books\cppfinBACKUP\patterns\shape\Solution\09_Decorator\OriginPoint.cpp
C:\users\daniel\books\cppfinBACKUP\patterns\shape\Solution\09_Decorator\OriginPoint.hpp
C:\users\daniel\books\cppfinBACKUP\patterns\shape\Solution\09_Decorator\Point.cpp
C:\users\daniel\books\cppfinBACKUP\patterns\shape\Solution\09_Decorator\Point.hpp
C:\users\daniel\books\cppfinBACKUP\patterns\shape\Solution\09_Decorator\Shape.cpp
C:\users\daniel\books\cppfinBACKUP\patterns\shape\Solution\09_Decorator\Shape.hpp
C:\users\daniel\books\cppfinBACKUP\patterns\shape\Solution\09_Decorator\ShapeComposite.cpp
C:\users\daniel\books\cppfinBACKUP\patterns\shape\Solution\09_Decorator\ShapeComposite.hpp
C:\users\daniel\books\cppfinBACKUP\patterns\shape\Solution\09_Decorator\ShapeDecorator.cpp
C:\users\daniel\books\cppfinBACKUP\patterns\shape\Solution\09_Decorator\ShapeDecorator.hpp
C:\users\daniel\books\cppfinBACKUP\patterns\shape\Solution\09_Decorator\Singleton.cpp
C:\users\daniel\books\cppfinBACKUP\patterns\shape\Solution\09_Decorator\Singleton.hpp
C:\users\daniel\books\cppfinBACKUP\patterns\shape\Solution\10_State\main.cpp
C:\users\daniel\books\cppfinBACKUP\patterns\shape\Solution\10_State\Singleton.cpp
C:\users\daniel\books\cppfinBACKUP\patterns\shape\Solution\10_State\Singleton.hpp
C:\users\daniel\books\cppfinBACKUP\patterns\shape\Solution\10_State\Stack.cpp
C:\users\daniel\books\cppfinBACKUP\patterns\shape\Solution\10_State\Stack.hpp
C:\users\daniel\books\cppfinBACKUP\patterns\shape\Solution\10_State\StackStates.cpp
C:\users\daniel\books\cppfinBACKUP\patterns\shape\Solution\10_State\StackStates.hpp
C:\users\daniel\books\cppfinBACKUP\patterns\shape\Solution\11_Visitor\Angle.hpp
C:\users\daniel\books\cppfinBACKUP\patterns\shape\Solution\11_Visitor\ApproxDistance.cpp
C:\users\daniel\books\cppfinBACKUP\patterns\shape\Solution\11_Visitor\ApproxDistance.hpp
C:\users\daniel\books\cppfinBACKUP\patterns\shape\Solution\11_Visitor\CDO.cpp
C:\users\daniel\books\cppfinBACKUP\patterns\shape\Solution\11_Visitor\CDO.hpp
C:\users\daniel\books\cppfinBACKUP\patterns\shape\Solution\11_Visitor\CDOmain.cpp
C:\users\daniel\books\cppfinBACKUP\patterns\shape\Solution\11_Visitor\CDOPrintVisitor.cpp
C:\users\daniel\books\cppfinBACKUP\patterns\shape\Solution\11_Visitor\CDOPrintVisitor.hpp
C:\users\daniel\books\cppfinBACKUP\patterns\shape\Solution\11_Visitor\CDOVisitor.cpp
C:\users\daniel\books\cppfinBACKUP\patterns\shape\Solution\11_Visitor\CDOVisitor.hpp
C:\users\daniel\books\cppfinBACKUP\patterns\shape\Solution\11_Visitor\Circle.cpp
C:\users\daniel\books\cppfinBACKUP\patterns\shape\Solution\11_Visitor\Circle.hpp
C:\users\daniel\books\cppfinBACKUP\patterns\shape\Solution\11_Visitor\Common.hpp
C:\users\daniel\books\cppfinBACKUP\patterns\shape\Solution\11_Visitor\DistanceStrategy.cpp
C:\users\daniel\books\cppfinBACKUP\patterns\shape\Solution\11_Visitor\DistanceStrategy.hpp
C:\users\daniel\books\cppfinBACKUP\patterns\shape\Solution\11_Visitor\ExactDistance.cpp
C:\users\daniel\books\cppfinBACKUP\patterns\shape\Solution\11_Visitor\ExactDistance.hpp
C:\users\daniel\books\cppfinBACKUP\patterns\shape\Solution\11_Visitor\Line.cpp
C:\users\daniel\books\cppfinBACKUP\patterns\shape\Solution\11_Visitor\Line.hpp
C:\users\daniel\books\cppfinBACKUP\patterns\shape\Solution\11_Visitor\Main.cpp
C:\users\daniel\books\cppfinBACKUP\patterns\shape\Solution\11_Visitor\NameDecorator.cpp
C:\users\daniel\books\cppfinBACKUP\patterns\shape\Solution\11_Visitor\NameDecorator.hpp
C:\users\daniel\books\cppfinBACKUP\patterns\shape\Solution\11_Visitor\Option.cpp
C:\users\daniel\books\cppfinBACKUP\patterns\shape\Solution\11_Visitor\Option.hpp
C:\users\daniel\books\cppfinBACKUP\patterns\shape\Solution\11_Visitor\OriginPoint.cpp
C:\users\daniel\books\cppfinBACKUP\patterns\shape\Solution\11_Visitor\OriginPoint.hpp
C:\users\daniel\books\cppfinBACKUP\patterns\shape\Solution\11_Visitor\Point.cpp
C:\users\daniel\books\cppfinBACKUP\patterns\shape\Solution\11_Visitor\Point.hpp
C:\users\daniel\books\cppfinBACKUP\patterns\shape\Solution\11_Visitor\PrintVisitor.cpp
C:\users\daniel\books\cppfinBACKUP\patterns\shape\Solution\11_Visitor\PrintVisitor.hpp
C:\users\daniel\books\cppfinBACKUP\patterns\shape\Solution\11_Visitor\Product.cpp
C:\users\daniel\books\cppfinBACKUP\patterns\shape\Solution\11_Visitor\Product.hpp
C:\users\daniel\books\cppfinBACKUP\patterns\shape\Solution\11_Visitor\Shape.cpp
C:\users\daniel\books\cppfinBACKUP\patterns\shape\Solution\11_Visitor\Shape.hpp
C:\users\daniel\books\cppfinBACKUP\patterns\shape\Solution\11_Visitor\ShapeComposite.cpp
C:\users\daniel\books\cppfinBACKUP\patterns\shape\Solution\11_Visitor\ShapeComposite.hpp
C:\users\daniel\books\cppfinBACKUP\patterns\shape\Solution\11_Visitor\ShapeDecorator.cpp
C:\users\daniel\books\cppfinBACKUP\patterns\shape\Solution\11_Visitor\ShapeDecorator.hpp
C:\users\daniel\books\cppfinBACKUP\patterns\shape\Solution\11_Visitor\ShapeVisitor.cpp
C:\users\daniel\books\cppfinBACKUP\patterns\shape\Solution\11_Visitor\ShapeVisitor.hpp
C:\users\daniel\books\cppfinBACKUP\patterns\shape\Solution\11_Visitor\Singleton.cpp
C:\users\daniel\books\cppfinBACKUP\patterns\shape\Solution\11_Visitor\Singleton.hpp
C:\users\daniel\books\cppfinBACKUP\patterns\shape\Solution\11_Visitor\TranslateVisitor.cpp
C:\users\daniel\books\cppfinBACKUP\patterns\shape\Solution\11_Visitor\TranslateVisitor.hpp
C:\users\daniel\books\cppfinBACKUP\patterns\shape\Solution\12_Observer\Counter.cpp
C:\users\daniel\books\cppfinBACKUP\patterns\shape\Solution\12_Observer\Counter.hpp
C:\users\daniel\books\cppfinBACKUP\patterns\shape\Solution\12_Observer\CounterObserver.cpp
C:\users\daniel\books\cppfinBACKUP\patterns\shape\Solution\12_Observer\CounterObserver.hpp
C:\users\daniel\books\cppfinBACKUP\patterns\shape\Solution\12_Observer\Observable.cpp
C:\users\daniel\books\cppfinBACKUP\patterns\shape\Solution\12_Observer\Observable.hpp
C:\users\daniel\books\cppfinBACKUP\patterns\shape\Solution\12_Observer\Observer.cpp
C:\users\daniel\books\cppfinBACKUP\patterns\shape\Solution\12_Observer\Observer.hpp
C:\users\daniel\books\cppfinBACKUP\patterns\shape\Solution\12_Observer\TstObserver.cpp
C:\users\daniel\books\cppfinBACKUP\patterns\shape\Solution\12_Observer\TstObserver.hpp
C:\users\daniel\books\cppfinBACKUP\patterns\shape\Solution\13_Proxy\Account.cpp
C:\users\daniel\books\cppfinBACKUP\patterns\shape\Solution\13_Proxy\Account.hpp
C:\users\daniel\books\cppfinBACKUP\patterns\shape\Solution\13_Proxy\Exceptions.hpp
C:\users\daniel\books\cppfinBACKUP\patterns\shape\Solution\13_Proxy\ProtectedAccount.cpp
C:\users\daniel\books\cppfinBACKUP\patterns\shape\Solution\13_Proxy\ProtectedAccount.hpp
C:\users\daniel\books\cppfinBACKUP\patterns\shape\Solution\13_Proxy\RealAccount.cpp
C:\users\daniel\books\cppfinBACKUP\patterns\shape\Solution\13_Proxy\RealAccount.hpp
C:\users\daniel\books\cppfinBACKUP\patterns\shape\Solution\13_Proxy\TestProxy.cpp
C:\users\daniel\books\cppfinBACKUP\pdeMirani\Characteristics.cpp
C:\users\daniel\books\cppfinBACKUP\pdeMirani\Characteristics.hpp
C:\users\daniel\books\cppfinBACKUP\pdeMirani\detfunction.cpp
C:\users\daniel\books\cppfinBACKUP\pdeMirani\detfunction.hpp
C:\users\daniel\books\cppfinBACKUP\pdeMirani\doublesweep.cpp
C:\users\daniel\books\cppfinBACKUP\pdeMirani\doublesweep.hpp
C:\users\daniel\books\cppfinBACKUP\pdeMirani\ExcelDriver.cpp
C:\users\daniel\books\cppfinBACKUP\pdeMirani\ExcelDriver.hpp
C:\users\daniel\books\cppfinBACKUP\pdeMirani\FileClass.cpp
C:\users\daniel\books\cppfinBACKUP\pdeMirani\FileClass.hpp
C:\users\daniel\books\cppfinBACKUP\pdeMirani\function.cpp
C:\users\daniel\books\cppfinBACKUP\pdeMirani\function.hpp
C:\users\daniel\books\cppfinBACKUP\pdeMirani\main.cpp
C:\users\daniel\books\cppfinBACKUP\pdeMirani\pair.hpp
C:\users\daniel\books\cppfinBACKUP\pdeMirani\ParabolicFDM.cpp
C:\users\daniel\books\cppfinBACKUP\pdeMirani\ParabolicFDM.hpp
C:\users\daniel\books\cppfinBACKUP\pdeMirani\parabolicpde.cpp
C:\users\daniel\books\cppfinBACKUP\pdeMirani\parabolicpde.hpp
C:\users\daniel\books\cppfinBACKUP\portfolio\portfolio.cpp
C:\users\daniel\books\cppfinBACKUP\portfolio\portfolio.hpp
C:\users\daniel\books\cppfinBACKUP\portfolio\testPortfolio.cpp
C:\users\daniel\books\cppfinBACKUP\PropertyPattern\entity.cpp
C:\users\daniel\books\cppfinBACKUP\PropertyPattern\Entity.hpp
C:\users\daniel\books\cppfinBACKUP\PropertyPattern\Property.cpp
C:\users\daniel\books\cppfinBACKUP\PropertyPattern\Property.hpp
C:\users\daniel\books\cppfinBACKUP\PropertyPattern\SimplePropertySet.cpp
C:\users\daniel\books\cppfinBACKUP\PropertyPattern\SimplePropertySet.hpp
C:\users\daniel\books\cppfinBACKUP\PropertyPattern\TestPropertySet.cpp
C:\users\daniel\books\cppfinBACKUP\statistics\Berndist.cxx
C:\users\daniel\books\cppfinBACKUP\statistics\Berndist.hxx
C:\users\daniel\books\cppfinBACKUP\statistics\BERNTST.CXX
C:\users\daniel\books\cppfinBACKUP\statistics\BigTezt.cpp
C:\users\daniel\books\cppfinBACKUP\statistics\Binodist.cxx
C:\users\daniel\books\cppfinBACKUP\statistics\Binodist.hxx
C:\users\daniel\books\cppfinBACKUP\statistics\ChiSdist.cxx
C:\users\daniel\books\cppfinBACKUP\statistics\chisdist.hxx
C:\users\daniel\books\cppfinBACKUP\statistics\Cnsdist.cxx
C:\users\daniel\books\cppfinBACKUP\statistics\Cnsdist.hxx
C:\users\daniel\books\cppfinBACKUP\statistics\CnsDistFactory.cpp
C:\users\daniel\books\cppfinBACKUP\statistics\CnsDistFactory.hpp
C:\users\daniel\books\cppfinBACKUP\statistics\CnsDistGammaMain.cpp
C:\users\daniel\books\cppfinBACKUP\statistics\CnsDistMain.cpp
C:\users\daniel\books\cppfinBACKUP\statistics\CNSTEST.CXX
C:\users\daniel\books\cppfinBACKUP\statistics\CommandFactory.hpp
C:\users\daniel\books\cppfinBACKUP\statistics\Constant.hxx
C:\users\daniel\books\cppfinBACKUP\statistics\DDCommandFactory.hpp
C:\users\daniel\books\cppfinBACKUP\statistics\Discdist.cxx
C:\users\daniel\books\cppfinBACKUP\statistics\Discdist.hxx
C:\users\daniel\books\cppfinBACKUP\statistics\Dlist.cxx
C:\users\daniel\books\cppfinBACKUP\statistics\DLIST.HXX
C:\users\daniel\books\cppfinBACKUP\statistics\erlgdist.cxx
C:\users\daniel\books\cppfinBACKUP\statistics\erlgdist.hxx
C:\users\daniel\books\cppfinBACKUP\statistics\Expodist.cxx
C:\users\daniel\books\cppfinBACKUP\statistics\Expodist.hxx
C:\users\daniel\books\cppfinBACKUP\statistics\Expotest.cxx
C:\users\daniel\books\cppfinBACKUP\statistics\Gammdist.cxx
C:\users\daniel\books\cppfinBACKUP\statistics\Gammdist.hxx
C:\users\daniel\books\cppfinBACKUP\statistics\Gammtst.cxx
C:\users\daniel\books\cppfinBACKUP\statistics\Geomdist.cxx
C:\users\daniel\books\cppfinBACKUP\statistics\Geomdist.hxx
C:\users\daniel\books\cppfinBACKUP\statistics\GEOMTST.CXX
C:\users\daniel\books\cppfinBACKUP\statistics\Hypedist.cxx
C:\users\daniel\books\cppfinBACKUP\statistics\Hypedist.hxx
C:\users\daniel\books\cppfinBACKUP\statistics\Hypetst.cxx
C:\users\daniel\books\cppfinBACKUP\statistics\logndist.cxx
C:\users\daniel\books\cppfinBACKUP\statistics\logndist.hxx
C:\users\daniel\books\cppfinBACKUP\statistics\Miscfun.cxx
C:\users\daniel\books\cppfinBACKUP\statistics\Miscfun.hxx
C:\users\daniel\books\cppfinBACKUP\statistics\newh.hxx
C:\users\daniel\books\cppfinBACKUP\statistics\normaltest.cxx
C:\users\daniel\books\cppfinBACKUP\statistics\Normdist.cxx
C:\users\daniel\books\cppfinBACKUP\statistics\Normdist.hxx
C:\users\daniel\books\cppfinBACKUP\statistics\Pascdist.cxx
C:\users\daniel\books\cppfinBACKUP\statistics\Pascdist.hxx
C:\users\daniel\books\cppfinBACKUP\statistics\PASCTST.CXX
C:\users\daniel\books\cppfinBACKUP\statistics\Poisdist.cxx
C:\users\daniel\books\cppfinBACKUP\statistics\Poisdist.hxx
C:\users\daniel\books\cppfinBACKUP\statistics\POISTST.CXX
C:\users\daniel\books\cppfinBACKUP\statistics\Probdist.cxx
C:\users\daniel\books\cppfinBACKUP\statistics\Probdist.hxx
C:\users\daniel\books\cppfinBACKUP\statistics\PROBTEST.CXX
C:\users\daniel\books\cppfinBACKUP\statistics\randomvariable.hpp
C:\users\daniel\books\cppfinBACKUP\statistics\Repository.cpp
C:\users\daniel\books\cppfinBACKUP\statistics\Sample
C:\users\daniel\books\cppfinBACKUP\statistics\Singleton.cpp
C:\users\daniel\books\cppfinBACKUP\statistics\Singleton.hpp
C:\users\daniel\books\cppfinBACKUP\statistics\TPOISSON.CXX
C:\users\daniel\books\cppfinBACKUP\statistics\Unifdist.cxx
C:\users\daniel\books\cppfinBACKUP\statistics\Unifdist.hxx
C:\users\daniel\books\cppfinBACKUP\statistics\Uniftest.cxx
C:\users\daniel\books\cppfinBACKUP\statistics\Weibdist.cxx
C:\users\daniel\books\cppfinBACKUP\statistics\Weibdist.hxx
C:\users\daniel\books\cppfinBACKUP\statistics\Sample\BigTezt.cpp
C:\users\daniel\books\cppfinBACKUP\statistics\Sample\Cnsdist.cxx
C:\users\daniel\books\cppfinBACKUP\statistics\Sample\Cnsdist.hxx
C:\users\daniel\books\cppfinBACKUP\statistics\Sample\CnsDistFactory.cpp
C:\users\daniel\books\cppfinBACKUP\statistics\Sample\CnsDistFactory.hpp
C:\users\daniel\books\cppfinBACKUP\statistics\Sample\CnsDistMain.cpp
C:\users\daniel\books\cppfinBACKUP\statistics\Sample\Expodist.cxx
C:\users\daniel\books\cppfinBACKUP\statistics\Sample\Expodist.hxx
C:\users\daniel\books\cppfinBACKUP\statistics\Sample\Gammdist.cxx
C:\users\daniel\books\cppfinBACKUP\statistics\Sample\Gammdist.hxx
C:\users\daniel\books\cppfinBACKUP\statistics\Sample\Miscfun.cxx
C:\users\daniel\books\cppfinBACKUP\statistics\Sample\Miscfun.hxx
C:\users\daniel\books\cppfinBACKUP\statistics\Sample\Probdist.cxx
C:\users\daniel\books\cppfinBACKUP\statistics\Sample\Probdist.hxx
C:\users\daniel\books\cppfinBACKUP\statistics\Sample\Unifdist.cxx
C:\users\daniel\books\cppfinBACKUP\statistics\Sample\Unifdist.hxx
C:\users\daniel\books\cppfinBACKUP\stl\asscont
C:\users\daniel\books\cppfinBACKUP\stl\common.hxx
C:\users\daniel\books\cppfinBACKUP\stl\FunctionObjects
C:\users\daniel\books\cppfinBACKUP\stl\iterator
C:\users\daniel\books\cppfinBACKUP\stl\Iterators
C:\users\daniel\books\cppfinBACKUP\stl\List
C:\users\daniel\books\cppfinBACKUP\stl\seqcont
C:\users\daniel\books\cppfinBACKUP\stl\SortingAlgorithm
C:\users\daniel\books\cppfinBACKUP\stl\asscont\ch3map1.cpp
C:\users\daniel\books\cppfinBACKUP\stl\asscont\ch3set1.cpp
C:\users\daniel\books\cppfinBACKUP\stl\asscont\chap4set1.cpp
C:\users\daniel\books\cppfinBACKUP\stl\asscont\tstset4.cxx
C:\users\daniel\books\cppfinBACKUP\stl\FunctionObjects\FunctionObjects.cxx
C:\users\daniel\books\cppfinBACKUP\stl\iterator\TestIterators.cxx
C:\users\daniel\books\cppfinBACKUP\stl\iterator\tstister7.cxx
C:\users\daniel\books\cppfinBACKUP\stl\iterator\Tstiter1.cxx
C:\users\daniel\books\cppfinBACKUP\stl\iterator\Tstiter2.cxx
C:\users\daniel\books\cppfinBACKUP\stl\iterator\Tstiter3.cxx
C:\users\daniel\books\cppfinBACKUP\stl\iterator\Tstiter4.cxx
C:\users\daniel\books\cppfinBACKUP\stl\iterator\Tstiter5.cxx
C:\users\daniel\books\cppfinBACKUP\stl\iterator\tstiter6.cxx
C:\users\daniel\books\cppfinBACKUP\stl\Iterators\ch3iterator.cpp
C:\users\daniel\books\cppfinBACKUP\stl\Iterators\Point.cxx
C:\users\daniel\books\cppfinBACKUP\stl\Iterators\Point.hxx
C:\users\daniel\books\cppfinBACKUP\stl\Iterators\TestIterators.cxx
C:\users\daniel\books\cppfinBACKUP\stl\List\tstlist1.cxx
C:\users\daniel\books\cppfinBACKUP\stl\seqcont\ch3list.cpp
C:\users\daniel\books\cppfinBACKUP\stl\seqcont\ch3vector.cpp
C:\users\daniel\books\cppfinBACKUP\stl\seqcont\Point.cxx
C:\users\daniel\books\cppfinBACKUP\stl\seqcont\Point.hxx
C:\users\daniel\books\cppfinBACKUP\stl\seqcont\TSTLIST1.CXX
C:\users\daniel\books\cppfinBACKUP\stl\SortingAlgorithm\ch3alg.cpp
C:\users\daniel\books\cppfinBACKUP\stl\SortingAlgorithm\CrankNicolson.cpp
C:\users\daniel\books\cppfinBACKUP\stl\SortingAlgorithm\Sorting.cxx
C:\users\daniel\books\cppfinBACKUP\stochastics\Characteristics.cpp
C:\users\daniel\books\cppfinBACKUP\stochastics\Characteristics.hpp
C:\users\daniel\books\cppfinBACKUP\stochastics\err.h
C:\users\daniel\books\cppfinBACKUP\stochastics\FileClass.cpp
C:\users\daniel\books\cppfinBACKUP\stochastics\FileClass.hpp
C:\users\daniel\books\cppfinBACKUP\stochastics\Functions.cpp
C:\users\daniel\books\cppfinBACKUP\stochastics\Functions.hpp
C:\users\daniel\books\cppfinBACKUP\stochastics\LinRegr.cpp
C:\users\daniel\books\cppfinBACKUP\stochastics\LinRegr.hpp
C:\users\daniel\books\cppfinBACKUP\stochastics\main.cpp
C:\users\daniel\books\cppfinBACKUP\stochastics\main.hpp
C:\users\daniel\books\cppfinBACKUP\stochastics\misc.h
C:\users\daniel\books\cppfinBACKUP\stochastics\ran.h
C:\users\daniel\books\cppfinBACKUP\stochastics\Random.cpp
C:\users\daniel\books\cppfinBACKUP\stochastics\Random.hpp
C:\users\daniel\books\cppfinBACKUP\stochastics\RandomStuff.cpp
C:\users\daniel\books\cppfinBACKUP\tests\TestArrayExtrema.cpp
C:\users\daniel\books\cppfinBACKUP\tests\TestArrayInequalities.cpp
C:\users\daniel\books\cppfinBACKUP\tests\TestArrayMatrixNorms.cpp
C:\users\daniel\books\cppfinBACKUP\tests\TestArrayMomentSkewKurtosis.cpp
C:\users\daniel\books\cppfinBACKUP\tests\testAssocArray.cpp
C:\users\daniel\books\cppfinBACKUP\tests\testAssocArrayTypedef.cpp
C:\users\daniel\books\cppfinBACKUP\tests\testBVP.cpp
C:\users\daniel\books\cppfinBACKUP\tests\testChapter6.cpp
C:\users\daniel\books\cppfinBACKUP\tests\testChapter6A.cpp
C:\users\daniel\books\cppfinBACKUP\tests\testdd1.cpp
C:\users\daniel\books\cppfinBACKUP\tests\testdefaultArgs.cpp
C:\users\daniel\books\cppfinBACKUP\tests\TestEuropeanOption.cpp
C:\users\daniel\books\cppfinBACKUP\tests\TestFactoryMethodOption.cpp
C:\users\daniel\books\cppfinBACKUP\tests\testLUSolver.cpp
C:\users\daniel\books\cppfinBACKUP\tests\testMatIterative.cpp
C:\users\daniel\books\cppfinBACKUP\tests\TestMatrixEigenvalueStuff.cpp
C:\users\daniel\books\cppfinBACKUP\tests\TestMatrixInequalities.cpp
C:\users\daniel\books\cppfinBACKUP\tests\TestMatrixPowerMethod.cpp
C:\users\daniel\books\cppfinBACKUP\tests\testMatrixProfile.cpp
C:\users\daniel\books\cppfinBACKUP\tests\testMatrixProfile2.cpp
C:\users\daniel\books\cppfinBACKUP\tests\testMatrixProfile3.cpp
C:\users\daniel\books\cppfinBACKUP\tests\testMatrixSolver.cpp
C:\users\daniel\books\cppfinBACKUP\tests\testObstacleProblem.cpp
C:\users\daniel\books\cppfinBACKUP\tests\testprop.cpp
C:\users\daniel\books\cppfinBACKUP\tests\testprop2.cpp
C:\users\daniel\books\cppfinBACKUP\tests\TestPropertyCommand.cpp
C:\users\daniel\books\cppfinBACKUP\tests\testPropertyCommand2.cpp
C:\users\daniel\books\cppfinBACKUP\tests\testPSOR.cpp
C:\users\daniel\books\cppfinBACKUP\tests\testRange.cpp
C:\users\daniel\books\cppfinBACKUP\tests\testSPSet.cpp
C:\users\daniel\books\cppfinBACKUP\tests\TestTridiagonalMatrix.cpp
C:\users\daniel\books\cppfinBACKUP\tests\testXmlWriter.cpp
C:\users\daniel\books\cppfinBACKUP\tests\tstArrayMechanisms.cpp
C:\users\daniel\books\cppfinBACKUP\tests\tstEOptionExact.cpp
C:\users\daniel\books\cppfinBACKUP\tests\tstExotic.cpp
C:\users\daniel\books\cppfinBACKUP\tests\TSTIVP.cpp
C:\users\daniel\books\cppfinBACKUP\tests\TstObserver.cpp
C:\users\daniel\books\cppfinBACKUP\tests\tstOptionSensitivities.cpp
C:\users\daniel\books\cppfinBACKUP\tests\tstOptionSingleton.cpp
C:\users\daniel\books\cppfinBACKUP\tests\tstRandomStuff.cpp
C:\users\daniel\books\cppfinBACKUP\tests\tstscalarivp.cpp
C:\users\daniel\books\cppfinBACKUP\tests\tstVectorSTLvector.cpp
C:\users\daniel\books\cppfinBACKUP\tests\TSTvf.cpp
C:\users\daniel\books\cppfinBACKUP\tests\TSTvf_BCK.cpp
C:\users\daniel\books\cppfinBACKUP\VectorsAndMAtrices\Array.cpp
C:\users\daniel\books\cppfinBACKUP\VectorsAndMAtrices\Array.hpp
C:\users\daniel\books\cppfinBACKUP\VectorsAndMAtrices\arraymechanisms.cpp
C:\users\daniel\books\cppfinBACKUP\VectorsAndMAtrices\arraymechanisms.hpp
C:\users\daniel\books\cppfinBACKUP\VectorsAndMAtrices\ArrayStructure.cpp
C:\users\daniel\books\cppfinBACKUP\VectorsAndMAtrices\ArrayStructure.hpp
C:\users\daniel\books\cppfinBACKUP\VectorsAndMAtrices\AssocArray.cpp
C:\users\daniel\books\cppfinBACKUP\VectorsAndMAtrices\AssocArray.hpp
C:\users\daniel\books\cppfinBACKUP\VectorsAndMAtrices\BandArray.hpp
C:\users\daniel\books\cppfinBACKUP\VectorsAndMAtrices\BandlArray.cpp
C:\users\daniel\books\cppfinBACKUP\VectorsAndMAtrices\BandMatrix.cpp
C:\users\daniel\books\cppfinBACKUP\VectorsAndMAtrices\BandMatrix.hpp
C:\users\daniel\books\cppfinBACKUP\VectorsAndMAtrices\BVPsolver.cpp
C:\users\daniel\books\cppfinBACKUP\VectorsAndMAtrices\BVPsolver.hpp
C:\users\daniel\books\cppfinBACKUP\VectorsAndMAtrices\doublesweep.cpp
C:\users\daniel\books\cppfinBACKUP\VectorsAndMAtrices\doublesweep.hpp
C:\users\daniel\books\cppfinBACKUP\VectorsAndMAtrices\FullArray.cpp
C:\users\daniel\books\cppfinBACKUP\VectorsAndMAtrices\FullArray.hpp
C:\users\daniel\books\cppfinBACKUP\VectorsAndMAtrices\FullMatrix.cpp
C:\users\daniel\books\cppfinBACKUP\VectorsAndMAtrices\FullMatrix.hpp
C:\users\daniel\books\cppfinBACKUP\VectorsAndMAtrices\Matrix.cpp
C:\users\daniel\books\cppfinBACKUP\VectorsAndMAtrices\Matrix.hpp
C:\users\daniel\books\cppfinBACKUP\VectorsAndMAtrices\matrixmechanisms.cpp
C:\users\daniel\books\cppfinBACKUP\VectorsAndMAtrices\matrixmechanisms.hpp
C:\users\daniel\books\cppfinBACKUP\VectorsAndMAtrices\matrixsolvermechanisms.cpp
C:\users\daniel\books\cppfinBACKUP\VectorsAndMAtrices\matrixsolvermechanisms.hpp
C:\users\daniel\books\cppfinBACKUP\VectorsAndMAtrices\MatrixStructure.cpp
C:\users\daniel\books\cppfinBACKUP\VectorsAndMAtrices\MatrixStructure.hpp
C:\users\daniel\books\cppfinBACKUP\VectorsAndMAtrices\NumericMatrix.cpp
C:\users\daniel\books\cppfinBACKUP\VectorsAndMAtrices\NumericMatrix.hpp
C:\users\daniel\books\cppfinBACKUP\VectorsAndMAtrices\TriDiagonalMatrix.hpp
C:\users\daniel\books\cppfinBACKUP\VectorsAndMAtrices\Vector.cpp
C:\users\daniel\books\cppfinBACKUP\VectorsAndMAtrices\Vector.hpp
C:\users\daniel\books\cppfinBACKUP\VectorsAndMAtrices\weightedgraph.cpp
C:\users\daniel\books\cppfinBACKUP\VectorsAndMAtrices\weightedgraph.hpp
C:\users\daniel\books\cppfinBACKUP\XMLBasicCode\BACKUPXMLRead.cpp
C:\users\daniel\books\cppfinBACKUP\XMLBasicCode\BACKUPXMLRead.h
C:\users\daniel\books\cppfinBACKUP\XMLBasicCode\DDmain1.cpp
C:\users\daniel\books\cppfinBACKUP\XMLBasicCode\entity.cpp
C:\users\daniel\books\cppfinBACKUP\XMLBasicCode\Entity.hpp
C:\users\daniel\books\cppfinBACKUP\XMLBasicCode\EntityVisitor.hpp
C:\users\daniel\books\cppfinBACKUP\XMLBasicCode\main1.cpp
C:\users\daniel\books\cppfinBACKUP\XMLBasicCode\MSXML4.H
C:\users\daniel\books\cppfinBACKUP\XMLBasicCode\Property.cpp
C:\users\daniel\books\cppfinBACKUP\XMLBasicCode\Property.hpp
C:\users\daniel\books\cppfinBACKUP\XMLBasicCode\SimplePropertySet.cpp
C:\users\daniel\books\cppfinBACKUP\XMLBasicCode\SimplePropertySet.hpp
C:\users\daniel\books\cppfinBACKUP\XMLBasicCode\StandardVisitor.h
C:\users\daniel\books\cppfinBACKUP\XMLBasicCode\StandardVisitor.hpp
C:\users\daniel\books\cppfinBACKUP\XMLBasicCode\testXmlWriter.cpp
C:\users\daniel\books\cppfinBACKUP\XMLBasicCode\XMLReader.cpp
C:\users\daniel\books\cppfinBACKUP\XMLBasicCode\XMLReader.h
C:\users\daniel\books\cppfinBACKUP\XMLBasicCode\XMLReader.hpp
C:\users\daniel\books\cppfinBACKUP\XMLBasicCode\XMLWriter.cpp
C:\users\daniel\books\cppfinBACKUP\XMLBasicCode\XMLWriter.h
C:\users\daniel\books\cppfinBACKUP\XMLBasicCode\XMLWriter.hpp
